e:\private\jgdz\101-dis\102s\x64\debug\102s.pch
e:\private\jgdz\101-dis\102s\x64\debug\vc143.pdb
e:\private\jgdz\101-dis\102s\x64\debug\vc143.idb
e:\private\jgdz\101-dis\102s\x64\debug\pch.obj
e:\private\jgdz\101-dis\102s\x64\debug\102sdlg.obj
e:\private\jgdz\101-dis\102s\x64\debug\102s.obj
e:\private\jgdz\101-dis\102s\x64\debug\serialportwinbase.obj
e:\private\jgdz\101-dis\102s\x64\debug\serialportinfowinbase.obj
e:\private\jgdz\101-dis\102s\x64\debug\serialportinfobase.obj
e:\private\jgdz\101-dis\102s\x64\debug\serialportinfo.obj
e:\private\jgdz\101-dis\102s\x64\debug\serialportbase.obj
e:\private\jgdz\101-dis\102s\x64\debug\serialport.obj
e:\private\jgdz\101-dis\102s\x64\debug\102s.exe
e:\private\jgdz\101-dis\102s\x64\debug\102s.ilk
e:\private\jgdz\101-dis\102s\x64\debug\102s.pdb
e:\private\jgdz\101-dis\102s\x64\debug\my102s.res
e:\private\jgdz\101-dis\102s\x64\debug\102s.tlog\cl.command.1.tlog
e:\private\jgdz\101-dis\102s\x64\debug\102s.tlog\cl.read.1.tlog
e:\private\jgdz\101-dis\102s\x64\debug\102s.tlog\cl.write.1.tlog
e:\private\jgdz\101-dis\102s\x64\debug\102s.tlog\link.command.1.tlog
e:\private\jgdz\101-dis\102s\x64\debug\102s.tlog\link.read.1.tlog
e:\private\jgdz\101-dis\102s\x64\debug\102s.tlog\link.write.1.tlog
e:\private\jgdz\101-dis\102s\x64\debug\102s.tlog\rc.command.1.tlog
e:\private\jgdz\101-dis\102s\x64\debug\102s.tlog\rc.read.1.tlog
e:\private\jgdz\101-dis\102s\x64\debug\102s.tlog\rc.write.1.tlog
